0 info it worked if it ends with ok
1 verbose cli [ '/Users/david/.nvm/versions/node/v5.5.0/bin/node',
1 verbose cli   '/Users/david/.nvm/versions/node/v5.5.0/bin/npm',
1 verbose cli   'run',
1 verbose cli   'load-images' ]
2 info using npm@3.3.12
3 info using node@v5.5.0
4 verbose run-script [ 'preload-images', 'load-images', 'postload-images' ]
5 info lifecycle librestock@1.0.0~preload-images: librestock@1.0.0
6 silly lifecycle librestock@1.0.0~preload-images: no script for preload-images, continuing
7 info lifecycle librestock@1.0.0~load-images: librestock@1.0.0
8 verbose lifecycle librestock@1.0.0~load-images: unsafe-perm in lifecycle true
9 verbose lifecycle librestock@1.0.0~load-images: PATH: /Users/david/.nvm/versions/node/v5.5.0/lib/node_modules/npm/bin/node-gyp-bin:/Users/david/side/librestock/node_modules/.bin:/Users/david/.nvm/versions/node/v5.5.0/bin:/usr/local/bin:/usr/bin:/bin:/usr/sbin:/sbin
10 verbose lifecycle librestock@1.0.0~load-images: CWD: /Users/david/side/librestock
11 silly lifecycle librestock@1.0.0~load-images: Args: [ '-c', 'node fixtures/photos.js' ]
12 silly lifecycle librestock@1.0.0~load-images: Returned: code: 1  signal: null
13 info lifecycle librestock@1.0.0~load-images: Failed to exec load-images script
14 verbose stack Error: librestock@1.0.0 load-images: `node fixtures/photos.js`
14 verbose stack Exit status 1
14 verbose stack     at EventEmitter.<anonymous> (/Users/david/.nvm/versions/node/v5.5.0/lib/node_modules/npm/lib/utils/lifecycle.js:232:16)
14 verbose stack     at emitTwo (events.js:100:13)
14 verbose stack     at EventEmitter.emit (events.js:185:7)
14 verbose stack     at ChildProcess.<anonymous> (/Users/david/.nvm/versions/node/v5.5.0/lib/node_modules/npm/lib/utils/spawn.js:24:14)
14 verbose stack     at emitTwo (events.js:100:13)
14 verbose stack     at ChildProcess.emit (events.js:185:7)
14 verbose stack     at maybeClose (internal/child_process.js:821:16)
14 verbose stack     at Process.ChildProcess._handle.onexit (internal/child_process.js:211:5)
15 verbose pkgid librestock@1.0.0
16 verbose cwd /Users/david/side/librestock/src/fixtures
17 error Darwin 15.2.0
18 error argv "/Users/david/.nvm/versions/node/v5.5.0/bin/node" "/Users/david/.nvm/versions/node/v5.5.0/bin/npm" "run" "load-images"
19 error node v5.5.0
20 error npm  v3.3.12
21 error code ELIFECYCLE
22 error librestock@1.0.0 load-images: `node fixtures/photos.js`
22 error Exit status 1
23 error Failed at the librestock@1.0.0 load-images script 'node fixtures/photos.js'.
23 error Make sure you have the latest version of node.js and npm installed.
23 error If you do, this is most likely a problem with the librestock package,
23 error not with npm itself.
23 error Tell the author that this fails on your system:
23 error     node fixtures/photos.js
23 error You can get their info via:
23 error     npm owner ls librestock
23 error There is likely additional logging output above.
24 verbose exit [ 1, true ]
